Arguments: 
  C:\Program Files\nodejs\node.exe C:\Program Files (x86)\Yarn\bin\yarn.js add Prisma

PATH: 
  C:\Program Files (x86)\Common Files\Oracle\Java\javapath;C:\Program Files\Eclipse Adoptium\jdk-17.0.7.7-hotspot\bin;C:\Program Files (x86)\Common Files\Intel\Shared Libraries\redist\intel64\compiler;N:\db\dbhomeXE\bin;C:\ProgramData\Oracle\Java\javapath;C:\Program Files (x86)\Razer\ChromaBroadcast\bin;C:\Program Files\Razer\ChromaBroadcast\bin;C:\Python311\Scripts\;C:\Python311\;C:\Program Files (x86)\Common Files\Intel\Shared Files\cpp\bin\Intel64;C:\Windows\system32;C:\Windows;C:\Windows\System32\Wbem;C:\Windows\System32\WindowsPowerShell\v1.0\;C:\Windows\System32\OpenSSH\;C:\Users\My Computer\AppData\Roaming\Python\Python39\Scripts;C:\Program Files\PuTTY\;C:\xampp\php;C:\Program Files (x86)\ATI Technologies\ATI.ACE\Core-Static;U:\APPS\Todo Backup\bin;C:\Program Files\mingw64\bin;C:\chromedriver_win32;C:\Program Files\Git\cmd;C:\Program Files (x86)\NVIDIA Corporation\PhysX\Common;C:\Program Files\NVIDIA Corporation\NVIDIA NvDLISR;C:\ProgramData\chocolatey\bin;C:\Windows\system32\config\systemprofile\AppData\Local\Microsoft\WindowsApps;C:\ProgramData\ComposerSetup\bin;C:\Program Files\GitHub CLI\;C:\Program Files\Cloudflare\Cloudflare WARP\;C:\Program Files\nodejs\;C:\Program Files (x86)\Yarn\bin\;C:\Users\My Computer\AppData\Local\Programs\Python\Python39\Scripts\;C:\Users\My Computer\AppData\Local\Programs\Python\Python39\;C:\Users\My Computer\AppData\Local\Microsoft\WindowsApps;C:\Users\My Computer\AppData\Local\Programs\Microsoft VS Code\bin;C:\Program Files (x86)\mitmproxy\bin;U:\APPS\Nmap;C:\Users\My Computer\AppData\Local\GitHubDesktop\bin;U:\APPS\JetBrains\IntelliJ IDEA Community Edition 2022.3.2\bin;C:\Users\My Computer\AppData\Roaming\Composer\vendor\bin;C:\Users\My Computer\AppData\Roaming\npm;C:\Users\My Computer\AppData\Local\Yarn\bin

Yarn version: 
  1.22.4

Node version: 
  20.11.1

Platform: 
  win32 x64

Trace: 
  Error: https://registry.yarnpkg.com/Prisma: Not found
      at params.callback [as _callback] (C:\Program Files (x86)\Yarn\lib\cli.js:66096:18)
      at self.callback (C:\Program Files (x86)\Yarn\lib\cli.js:140748:22)
      at Request.emit (node:events:518:28)
      at Request.<anonymous> (C:\Program Files (x86)\Yarn\lib\cli.js:141720:10)
      at Request.emit (node:events:518:28)
      at IncomingMessage.<anonymous> (C:\Program Files (x86)\Yarn\lib\cli.js:141642:12)
      at Object.onceWrapper (node:events:632:28)
      at IncomingMessage.emit (node:events:530:35)
      at endReadableNT (node:internal/streams/readable:1696:12)
      at process.processTicksAndRejections (node:internal/process/task_queues:82:21)

npm manifest: 
  {
    "name": "rest-api-express",
    "version": "1.0.0",
    "description": "",
    "main": "src/index.js",
    "scripts": {
      "test": "echo \"Error: no test specified\" && exit 1"
    },
    "author": "",
    "license": "ISC",
    "dependencies": {
      "@prisma/client": "^5.14.0",
      "cors": "^2.8.5",
      "dotenv": "^16.4.5",
      "express": "^4.19.2",
      "prisma": "^5.14.0"
    },
    "devDependencies": {
      "nodemon": "^3.1.3"
    }
  }

yarn manifest: 
  No manifest

Lockfile: 
  No lockfile
